  [1m[35m (0.1ms)[0m  [1m[34mSELECT sqlite_version(*)[0m
  ↳ bin/rails:9
  [1m[35m (130.4ms)[0m  [1m[35mCREATE TABLE "schema_migrations" ("version" varchar NOT NULL PRIMARY KEY)[0m
  ↳ bin/rails:9
  [1m[35m (1.7ms)[0m  [1m[35mCREATE TABLE "ar_internal_metadata" ("key" varchar NOT NULL PRIMARY KEY, "value" varchar, "created_at" datetime NOT NULL, "updated_at" datetime NOT NULL)[0m
  ↳ bin/rails:9
  [1m[35m (0.1ms)[0m  [1m[34mSELECT "schema_migrations"."version" FROM "schema_migrations" ORDER BY "schema_migrations"."version" ASC[0m
  ↳ bin/rails:9
Migrating to CreateBooks (20200113213631)
  [1m[35m (0.0ms)[0m  [1m[36mbegin transaction[0m
  ↳ bin/rails:9
  [1m[35m (0.2ms)[0m  [1m[35mCREATE TABLE "books" ("id" integer PRIMARY KEY AUTOINCREMENT NOT NULL, "title" varchar, "author" varchar, "created_at" datetime NOT NULL, "updated_at" datetime NOT NULL)[0m
  ↳ db/migrate/20200113213631_create_books.rb:3
  [1m[36mActiveRecord::SchemaMigration Create (0.1ms)[0m  [1m[32mINSERT INTO "schema_migrations" ("version") VALUES (?)[0m  [["version", "20200113213631"]]
  ↳ bin/rails:9
  [1m[35m (3.8ms)[0m  [1m[36mcommit transaction[0m
  ↳ bin/rails:9
Migrating to CreateMovies (20200113213751)
  [1m[35m (0.0ms)[0m  [1m[36mbegin transaction[0m
  ↳ bin/rails:9
  [1m[35m (0.2ms)[0m  [1m[35mCREATE TABLE "movies" ("id" integer PRIMARY KEY AUTOINCREMENT NOT NULL, "name" varchar, "director" varchar, "year_released" integer, "created_at" datetime NOT NULL, "updated_at" datetime NOT NULL)[0m
  ↳ db/migrate/20200113213751_create_movies.rb:3
  [1m[36mActiveRecord::SchemaMigration Create (0.1ms)[0m  [1m[32mINSERT INTO "schema_migrations" ("version") VALUES (?)[0m  [["version", "20200113213751"]]
  ↳ bin/rails:9
  [1m[35m (1.5ms)[0m  [1m[36mcommit transaction[0m
  ↳ bin/rails:9
  [1m[36mActiveRecord::InternalMetadata Load (0.1ms)[0m  [1m[34mSELECT  "ar_internal_metadata".* FROM "ar_internal_metadata" WHERE "ar_internal_metadata"."key" = ? LIMIT ?[0m  [["key", "environment"], ["LIMIT", 1]]
  ↳ bin/rails:9
  [1m[35m (0.0ms)[0m  [1m[36mbegin transaction[0m
  ↳ bin/rails:9
  [1m[36mActiveRecord::InternalMetadata Create (0.1ms)[0m  [1m[32mINSERT INTO "ar_internal_metadata" ("key", "value", "created_at", "updated_at") VALUES (?, ?, ?, ?)[0m  [["key", "environment"], ["value", "development"], ["created_at", "2020-01-13 21:38:03.628029"], ["updated_at", "2020-01-13 21:38:03.628029"]]
  ↳ bin/rails:9
  [1m[35m (1.1ms)[0m  [1m[36mcommit transaction[0m
  ↳ bin/rails:9
  [1m[35m (0.1ms)[0m  [1m[34mSELECT "schema_migrations"."version" FROM "schema_migrations" ORDER BY "schema_migrations"."version" ASC[0m
  ↳ bin/rails:9
Started GET "/books" for 127.0.0.1 at 2020-01-13 16:38:50 -0500
  [1m[35m (0.1ms)[0m  [1m[34mSELECT "schema_migrations"."version" FROM "schema_migrations" ORDER BY "schema_migrations"."version" ASC[0m
  ↳ /home/student/.rvm/gems/ruby-2.6.3/gems/activerecord-5.2.4.1/lib/active_record/log_subscriber.rb:98
Processing by BooksController#index as HTML
  Rendering books/index.html.erb within layouts/application
  [1m[36mBook Load (0.1ms)[0m  [1m[34mSELECT "books".* FROM "books"[0m
  ↳ app/views/books/index.html.erb:15
  Rendered books/index.html.erb within layouts/application (1.7ms)
Completed 200 OK in 951ms (Views: 946.8ms | ActiveRecord: 0.3ms)


Started GET "/books/new" for 127.0.0.1 at 2020-01-13 16:39:05 -0500
Processing by BooksController#new as HTML
  Rendering books/new.html.erb within layouts/application
  Rendered books/_form.html.erb (8.0ms)
  Rendered books/new.html.erb within layouts/application (8.7ms)
Completed 200 OK in 21ms (Views: 17.3ms | ActiveRecord: 0.3ms)


Started POST "/books" for 127.0.0.1 at 2020-01-13 16:39:43 -0500
Processing by BooksController#create as HTML
  Parameters: {"utf8"=>"✓", "authenticity_token"=>"MTWri3Z6xMAjQOkUPSnfjLOl0cskzV5AH8mrhhZ4LNKg/oEDcp8adnoxH/Mswh40PgRuzQR1I0ImZOMbUQ57nw==", "book"=>{"title"=>"Watchmen", "author"=>"Alan Moore"}, "commit"=>"Create Book"}
  [1m[35m (0.0ms)[0m  [1m[36mbegin transaction[0m
  ↳ app/controllers/books_controller.rb:30
  [1m[36mBook Create (0.2ms)[0m  [1m[32mINSERT INTO "books" ("title", "author", "created_at", "updated_at") VALUES (?, ?, ?, ?)[0m  [["title", "Watchmen"], ["author", "Alan Moore"], ["created_at", "2020-01-13 21:39:43.591052"], ["updated_at", "2020-01-13 21:39:43.591052"]]
  ↳ app/controllers/books_controller.rb:30
  [1m[35m (2.8ms)[0m  [1m[36mcommit transaction[0m
  ↳ app/controllers/books_controller.rb:30
Redirected to http://localhost:3000/books/1
Completed 302 Found in 6ms (ActiveRecord: 3.0ms)


Started GET "/books/1" for 127.0.0.1 at 2020-01-13 16:39:43 -0500
Processing by BooksController#show as HTML
  Parameters: {"id"=>"1"}
  [1m[36mBook Load (0.1ms)[0m  [1m[34mSELECT  "books".* FROM "books" WHERE "books"."id" = ? LIMIT ?[0m  [["id", 1], ["LIMIT", 1]]
  ↳ app/controllers/books_controller.rb:67
  Rendering books/show.html.erb within layouts/application
  Rendered books/show.html.erb within layouts/application (0.4ms)
Completed 200 OK in 11ms (Views: 8.6ms | ActiveRecord: 0.1ms)


Started GET "/books" for 127.0.0.1 at 2020-01-13 16:39:49 -0500
Processing by BooksController#index as HTML
  Rendering books/index.html.erb within layouts/application
  [1m[36mBook Load (0.2ms)[0m  [1m[34mSELECT "books".* FROM "books"[0m
  ↳ app/views/books/index.html.erb:15
  Rendered books/index.html.erb within layouts/application (1.3ms)
Completed 200 OK in 17ms (Views: 15.9ms | ActiveRecord: 0.2ms)


Started GET "/books/new" for 127.0.0.1 at 2020-01-13 16:40:25 -0500
Processing by BooksController#new as HTML
  Rendering books/new.html.erb within layouts/application
  Rendered books/_form.html.erb (1.5ms)
  Rendered books/new.html.erb within layouts/application (2.1ms)
Completed 200 OK in 14ms (Views: 12.9ms | ActiveRecord: 0.0ms)


Started POST "/books" for 127.0.0.1 at 2020-01-13 16:40:45 -0500
Processing by BooksController#create as HTML
  Parameters: {"utf8"=>"✓", "authenticity_token"=>"qr8sxk3kIBjAT4YTpRY4GThRVdIWoLAR5xQvuqf2Szs7dAZOSQH+rpk+cPS0/fmhtfDq1DYYzRPeuWcn4IAcdg==", "book"=>{"title"=>"Charlotte's Web", "author"=>"E.B. White"}, "commit"=>"Create Book"}
  [1m[35m (0.0ms)[0m  [1m[36mbegin transaction[0m
  ↳ app/controllers/books_controller.rb:30
  [1m[36mBook Create (0.4ms)[0m  [1m[32mINSERT INTO "books" ("title", "author", "created_at", "updated_at") VALUES (?, ?, ?, ?)[0m  [["title", "Charlotte's Web"], ["author", "E.B. White"], ["created_at", "2020-01-13 21:40:45.685177"], ["updated_at", "2020-01-13 21:40:45.685177"]]
  ↳ app/controllers/books_controller.rb:30
  [1m[35m (2.4ms)[0m  [1m[36mcommit transaction[0m
  ↳ app/controllers/books_controller.rb:30
Redirected to http://localhost:3000/books/2
Completed 302 Found in 5ms (ActiveRecord: 2.8ms)


Started GET "/books/2" for 127.0.0.1 at 2020-01-13 16:40:45 -0500
Processing by BooksController#show as HTML
  Parameters: {"id"=>"2"}
  [1m[36mBook Load (0.1ms)[0m  [1m[34mSELECT  "books".* FROM "books" WHERE "books"."id" = ? LIMIT ?[0m  [["id", 2], ["LIMIT", 1]]
  ↳ app/controllers/books_controller.rb:67
  Rendering books/show.html.erb within layouts/application
  Rendered books/show.html.erb within layouts/application (0.4ms)
Completed 200 OK in 25ms (Views: 24.4ms | ActiveRecord: 0.1ms)


Started GET "/books" for 127.0.0.1 at 2020-01-13 16:40:47 -0500
Processing by BooksController#index as HTML
  Rendering books/index.html.erb within layouts/application
  [1m[36mBook Load (0.1ms)[0m  [1m[34mSELECT "books".* FROM "books"[0m
  ↳ app/views/books/index.html.erb:15
  Rendered books/index.html.erb within layouts/application (0.9ms)
Completed 200 OK in 9ms (Views: 8.3ms | ActiveRecord: 0.1ms)


Started GET "/books/new" for 127.0.0.1 at 2020-01-13 16:40:48 -0500
Processing by BooksController#new as HTML
  Rendering books/new.html.erb within layouts/application
  Rendered books/_form.html.erb (1.4ms)
  Rendered books/new.html.erb within layouts/application (2.0ms)
Completed 200 OK in 15ms (Views: 14.1ms | ActiveRecord: 0.0ms)


Started POST "/books" for 127.0.0.1 at 2020-01-13 16:42:49 -0500
Processing by BooksController#create as HTML
  Parameters: {"utf8"=>"✓", "authenticity_token"=>"91+gkuuxBLIcRM8dWJIn4DWTjexu/OXvWjI8KI2JYC5mlIoa71TaBEU1OfpJeeZYuDIy6k5EmO1jn3S1yv83Yw==", "book"=>{"title"=>"Amazing Fantasy #15", "author"=>"Stan Lee"}, "commit"=>"Create Book"}
  [1m[35m (0.0ms)[0m  [1m[36mbegin transaction[0m
  ↳ app/controllers/books_controller.rb:30
  [1m[36mBook Create (0.2ms)[0m  [1m[32mINSERT INTO "books" ("title", "author", "created_at", "updated_at") VALUES (?, ?, ?, ?)[0m  [["title", "Amazing Fantasy #15"], ["author", "Stan Lee"], ["created_at", "2020-01-13 21:42:49.039573"], ["updated_at", "2020-01-13 21:42:49.039573"]]
  ↳ app/controllers/books_controller.rb:30
  [1m[35m (2.1ms)[0m  [1m[36mcommit transaction[0m
  ↳ app/controllers/books_controller.rb:30
Redirected to http://localhost:3000/books/3
Completed 302 Found in 5ms (ActiveRecord: 2.3ms)


Started GET "/books/3" for 127.0.0.1 at 2020-01-13 16:42:49 -0500
Processing by BooksController#show as HTML
  Parameters: {"id"=>"3"}
  [1m[36mBook Load (0.1ms)[0m  [1m[34mSELECT  "books".* FROM "books" WHERE "books"."id" = ? LIMIT ?[0m  [["id", 3], ["LIMIT", 1]]
  ↳ app/controllers/books_controller.rb:67
  Rendering books/show.html.erb within layouts/application
  Rendered books/show.html.erb within layouts/application (0.4ms)
Completed 200 OK in 9ms (Views: 8.1ms | ActiveRecord: 0.1ms)


Started GET "/books" for 127.0.0.1 at 2020-01-13 16:42:50 -0500
Processing by BooksController#index as HTML
  Rendering books/index.html.erb within layouts/application
  [1m[36mBook Load (0.1ms)[0m  [1m[34mSELECT "books".* FROM "books"[0m
  ↳ app/views/books/index.html.erb:15
  Rendered books/index.html.erb within layouts/application (1.1ms)
Completed 200 OK in 12ms (Views: 11.1ms | ActiveRecord: 0.1ms)


Started GET "/movies" for 127.0.0.1 at 2020-01-13 16:42:57 -0500
Processing by MoviesController#index as HTML
  Rendering movies/index.html.erb within layouts/application
  [1m[36mMovie Load (0.1ms)[0m  [1m[34mSELECT "movies".* FROM "movies"[0m
  ↳ app/views/movies/index.html.erb:16
  Rendered movies/index.html.erb within layouts/application (1.9ms)
Completed 200 OK in 19ms (Views: 17.8ms | ActiveRecord: 0.2ms)


Started GET "/movies/new" for 127.0.0.1 at 2020-01-13 16:42:59 -0500
Processing by MoviesController#new as HTML
  Rendering movies/new.html.erb within layouts/application
  Rendered movies/_form.html.erb (2.4ms)
  Rendered movies/new.html.erb within layouts/application (3.6ms)
Completed 200 OK in 25ms (Views: 19.1ms | ActiveRecord: 0.2ms)


Started POST "/movies" for 127.0.0.1 at 2020-01-13 16:44:03 -0500
Processing by MoviesController#create as HTML
  Parameters: {"utf8"=>"✓", "authenticity_token"=>"QmvMQJWM3lof5kG9Stym5MF01z/XhlB4d51ROpLQB12TfkFvou4V/Io9MyMGLMgsK1Tv8c+LL2pVTcBmgIFp6A==", "movie"=>{"name"=>"Spider-man", "director"=>"Sam Raimi", "year_released"=>"2002"}, "commit"=>"Create Movie"}
  [1m[35m (0.0ms)[0m  [1m[36mbegin transaction[0m
  ↳ app/controllers/movies_controller.rb:30
  [1m[36mMovie Create (1.5ms)[0m  [1m[32mINSERT INTO "movies" ("name", "director", "year_released", "created_at", "updated_at") VALUES (?, ?, ?, ?, ?)[0m  [["name", "Spider-man"], ["director", "Sam Raimi"], ["year_released", 2002], ["created_at", "2020-01-13 21:44:03.510966"], ["updated_at", "2020-01-13 21:44:03.510966"]]
  ↳ app/controllers/movies_controller.rb:30
  [1m[35m (2.5ms)[0m  [1m[36mcommit transaction[0m
  ↳ app/controllers/movies_controller.rb:30
Redirected to http://localhost:3000/movies/1
Completed 302 Found in 7ms (ActiveRecord: 4.0ms)


Started GET "/movies/1" for 127.0.0.1 at 2020-01-13 16:44:03 -0500
Processing by MoviesController#show as HTML
  Parameters: {"id"=>"1"}
  [1m[36mMovie Load (0.1ms)[0m  [1m[34mSELECT  "movies".* FROM "movies" WHERE "movies"."id" = ? LIMIT ?[0m  [["id", 1], ["LIMIT", 1]]
  ↳ app/controllers/movies_controller.rb:67
  Rendering movies/show.html.erb within layouts/application
  Rendered movies/show.html.erb within layouts/application (0.4ms)
Completed 200 OK in 12ms (Views: 10.5ms | ActiveRecord: 0.1ms)


Started GET "/movies" for 127.0.0.1 at 2020-01-13 16:44:05 -0500
Processing by MoviesController#index as HTML
  Rendering movies/index.html.erb within layouts/application
  [1m[36mMovie Load (0.1ms)[0m  [1m[34mSELECT "movies".* FROM "movies"[0m
  ↳ app/views/movies/index.html.erb:16
  Rendered movies/index.html.erb within layouts/application (1.2ms)
Completed 200 OK in 15ms (Views: 14.0ms | ActiveRecord: 0.1ms)


Started GET "/movies/new" for 127.0.0.1 at 2020-01-13 16:44:07 -0500
Processing by MoviesController#new as HTML
  Rendering movies/new.html.erb within layouts/application
  Rendered movies/_form.html.erb (1.7ms)
  Rendered movies/new.html.erb within layouts/application (2.5ms)
Completed 200 OK in 32ms (Views: 31.5ms | ActiveRecord: 0.0ms)


Started POST "/movies" for 127.0.0.1 at 2020-01-13 16:44:48 -0500
Processing by MoviesController#create as HTML
  Parameters: {"utf8"=>"✓", "authenticity_token"=>"wLIn7wcxlOdKvxRCYvekon558t2knfiwmj7hcApJwiARp6rAMFNfQd9kZtwuB8pqlFnKE7yQh6K47nAsGBislQ==", "movie"=>{"name"=>"Sorry To Bother You", "director"=>"Boots Riley", "year_released"=>"2018"}, "commit"=>"Create Movie"}
  [1m[35m (0.0ms)[0m  [1m[36mbegin transaction[0m
  ↳ app/controllers/movies_controller.rb:30
  [1m[36mMovie Create (0.4ms)[0m  [1m[32mINSERT INTO "movies" ("name", "director", "year_released", "created_at", "updated_at") VALUES (?, ?, ?, ?, ?)[0m  [["name", "Sorry To Bother You"], ["director", "Boots Riley"], ["year_released", 2018], ["created_at", "2020-01-13 21:44:48.407584"], ["updated_at", "2020-01-13 21:44:48.407584"]]
  ↳ app/controllers/movies_controller.rb:30
  [1m[35m (3.3ms)[0m  [1m[36mcommit transaction[0m
  ↳ app/controllers/movies_controller.rb:30
Redirected to http://localhost:3000/movies/2
Completed 302 Found in 6ms (ActiveRecord: 3.8ms)


Started GET "/movies/2" for 127.0.0.1 at 2020-01-13 16:44:48 -0500
Processing by MoviesController#show as HTML
  Parameters: {"id"=>"2"}
  [1m[36mMovie Load (0.1ms)[0m  [1m[34mSELECT  "movies".* FROM "movies" WHERE "movies"."id" = ? LIMIT ?[0m  [["id", 2], ["LIMIT", 1]]
  ↳ app/controllers/movies_controller.rb:67
  Rendering movies/show.html.erb within layouts/application
  Rendered movies/show.html.erb within layouts/application (0.4ms)
Completed 200 OK in 10ms (Views: 8.8ms | ActiveRecord: 0.1ms)


Started GET "/movies" for 127.0.0.1 at 2020-01-13 16:44:49 -0500
Processing by MoviesController#index as HTML
  Rendering movies/index.html.erb within layouts/application
  [1m[36mMovie Load (0.1ms)[0m  [1m[34mSELECT "movies".* FROM "movies"[0m
  ↳ app/views/movies/index.html.erb:16
  Rendered movies/index.html.erb within layouts/application (1.3ms)
Completed 200 OK in 13ms (Views: 12.3ms | ActiveRecord: 0.1ms)


Started GET "/movies/new" for 127.0.0.1 at 2020-01-13 16:44:52 -0500
Processing by MoviesController#new as HTML
  Rendering movies/new.html.erb within layouts/application
  Rendered movies/_form.html.erb (1.5ms)
  Rendered movies/new.html.erb within layouts/application (2.0ms)
Completed 200 OK in 11ms (Views: 10.7ms | ActiveRecord: 0.0ms)


Started POST "/movies" for 127.0.0.1 at 2020-01-13 16:45:30 -0500
Processing by MoviesController#create as HTML
  Parameters: {"utf8"=>"✓", "authenticity_token"=>"gULNjfXhMd/7/TdLxtuFXjZffkNubyZhak8J8n0o/hRQV0CiwoP6eW4mRdWKK+uW3H9GjXZiWXNIn5iub3mQoQ==", "movie"=>{"name"=>"Evil Dead 2: Dead By Dawn", "director"=>"Sam Raimi", "year_released"=>"1987"}, "commit"=>"Create Movie"}
  [1m[35m (0.0ms)[0m  [1m[36mbegin transaction[0m
  ↳ app/controllers/movies_controller.rb:30
  [1m[36mMovie Create (0.4ms)[0m  [1m[32mINSERT INTO "movies" ("name", "director", "year_released", "created_at", "updated_at") VALUES (?, ?, ?, ?, ?)[0m  [["name", "Evil Dead 2: Dead By Dawn"], ["director", "Sam Raimi"], ["year_released", 1987], ["created_at", "2020-01-13 21:45:30.132670"], ["updated_at", "2020-01-13 21:45:30.132670"]]
  ↳ app/controllers/movies_controller.rb:30
  [1m[35m (1.0ms)[0m  [1m[36mcommit transaction[0m
  ↳ app/controllers/movies_controller.rb:30
Redirected to http://localhost:3000/movies/3
Completed 302 Found in 4ms (ActiveRecord: 1.5ms)


Started GET "/movies/3" for 127.0.0.1 at 2020-01-13 16:45:30 -0500
Processing by MoviesController#show as HTML
  Parameters: {"id"=>"3"}
  [1m[36mMovie Load (0.1ms)[0m  [1m[34mSELECT  "movies".* FROM "movies" WHERE "movies"."id" = ? LIMIT ?[0m  [["id", 3], ["LIMIT", 1]]
  ↳ app/controllers/movies_controller.rb:67
  Rendering movies/show.html.erb within layouts/application
  Rendered movies/show.html.erb within layouts/application (0.4ms)
Completed 200 OK in 8ms (Views: 7.6ms | ActiveRecord: 0.1ms)


Started GET "/movies" for 127.0.0.1 at 2020-01-13 16:45:44 -0500
Processing by MoviesController#index as HTML
  Rendering movies/index.html.erb within layouts/application
  [1m[36mMovie Load (0.1ms)[0m  [1m[34mSELECT "movies".* FROM "movies"[0m
  ↳ app/views/movies/index.html.erb:16
  Rendered movies/index.html.erb within layouts/application (1.4ms)
Completed 200 OK in 11ms (Views: 10.8ms | ActiveRecord: 0.1ms)


